[debug] [2022-01-25T12:06:58.372Z] ----------------------------------------------------------------------
[debug] [2022-01-25T12:06:58.374Z] Command:       /usr/local/bin/node /Users/CSUser/.nvm/versions/node/v17.4.0/bin/firebase init
[debug] [2022-01-25T12:06:58.374Z] CLI Version:   10.1.2
[debug] [2022-01-25T12:06:58.374Z] Platform:      darwin
[debug] [2022-01-25T12:06:58.374Z] Node Version:  v12.20.2
[debug] [2022-01-25T12:06:58.376Z] Time:          Tue Jan 25 2022 05:06:58 GMT-0700 (Mountain Standard Time)
[debug] [2022-01-25T12:06:58.376Z] ----------------------------------------------------------------------
[debug] 
[debug] [2022-01-25T12:06:58.383Z] > command requires scopes: ["email","openid","https://www.googleapis.com/auth/cloudplatformprojects.readonly","https://www.googleapis.com/auth/firebase","https://www.googleapis.com/auth/cloud-platform"]
[debug] [2022-01-25T12:06:58.383Z] > authorizing via signed-in user (zacharysellis@gmail.com)
[info] 
     ######## #### ########  ######## ########     ###     ######  ########
     ##        ##  ##     ## ##       ##     ##  ##   ##  ##       ##
     ######    ##  ########  ######   ########  #########  ######  ######
     ##        ##  ##    ##  ##       ##     ## ##     ##       ## ##
     ##       #### ##     ## ######## ########  ##     ##  ######  ########

You're about to initialize a Firebase project in this directory:

  /Users/CSUser/projects/EzoicChat/ezoic-chat-app

[info] 
=== Project Setup
[info] 
[info] First, let's associate this project directory with a Firebase project.
[info] You can create multiple project aliases by running firebase use --add, 
[info] but for now we'll just set up a default project.
[info] 
[debug] [2022-01-25T12:07:15.060Z] >>> [apiv2][query] GET https://firebase.googleapis.com/v1beta1/projects pageSize=100
[debug] [2022-01-25T12:07:15.796Z] <<< [apiv2][status] GET https://firebase.googleapis.com/v1beta1/projects 200
[debug] [2022-01-25T12:07:15.796Z] <<< [apiv2][body] GET https://firebase.googleapis.com/v1beta1/projects [omitted]
[info] i  Using project ezoicchat (EzoicChat) 
[info] 
=== Hosting Setup
[info] 
[info] Your public directory is the folder (relative to your project directory) that
[info] will contain Hosting assets to be uploaded with firebase deploy. If you
[info] have a build process for your assets, use your build's output directory.
[info] 
[debug] [2022-01-25T12:08:14.339Z] >>> [apiv2][query] GET https://www.gstatic.com/firebasejs/releases.json [none]
[debug] [2022-01-25T12:08:14.410Z] <<< [apiv2][status] GET https://www.gstatic.com/firebasejs/releases.json 200
[debug] [2022-01-25T12:08:14.411Z] <<< [apiv2][body] GET https://www.gstatic.com/firebasejs/releases.json {"current":{"version":"9.6.4","browserURL":"https://www.gstatic.com/firebasejs/9.6.4/firebase.js","packageURL":"https://www.gstatic.com/firebasejs/9.6.4/firebase.tgz"},"live":{"version":"9.6","browserURL":"https://www.gstatic.com/firebasejs/live/9.6/firebase.js","packageURL":"https://www.gstatic.com/firebasejs/live/9.6/firebase.tgz"},"components":{"analytics":"https://www.gstatic.com/firebasejs/9.6.4/firebase-analytics.js","app":"https://www.gstatic.com/firebasejs/9.6.4/firebase-app.js","app-check":"https://www.gstatic.com/firebasejs/9.6.4/firebase-app-check.js","auth":"https://www.gstatic.com/firebasejs/9.6.4/firebase-auth.js","auth/cordova":"https://www.gstatic.com/firebasejs/9.6.4/firebase-auth/cordova.js","auth/react-native":"https://www.gstatic.com/firebasejs/9.6.4/firebase-auth/react-native.js","functions":"https://www.gstatic.com/firebasejs/9.6.4/firebase-functions.js","firestore":"https://www.gstatic.com/firebasejs/9.6.4/firebase-firestore.js","firestore/lite":"https://www.gstatic.com/firebasejs/9.6.4/firebase-firestore/lite.js","storage":"https://www.gstatic.com/firebasejs/9.6.4/firebase-storage.js","performance":"https://www.gstatic.com/firebasejs/9.6.4/firebase-performance.js","remote-config":"https://www.gstatic.com/firebasejs/9.6.4/firebase-remote-config.js","messaging":"https://www.gstatic.com/firebasejs/9.6.4/firebase-messaging.js","messaging/sw":"https://www.gstatic.com/firebasejs/9.6.4/firebase-messaging/sw.js","database":"https://www.gstatic.com/firebasejs/9.6.4/firebase-database.js","firestore.memory":"https://www.gstatic.com/firebasejs/9.6.4/firebase-firestore.memory.js"}}
[info] ✔  Wrote build/index.html 
[info] 
[info] i  Detected a .git folder at /Users/CSUser/projects/EzoicChat/ezoic-chat-app 
[info] i  Authorizing with GitHub to upload your service account to a GitHub repository's secrets store. 
[info] 
[info] Visit this URL on this device to log in:
[info] https://github.com/login/oauth/authorize?client_id=89cf50f02ac6aaed3484&state=1024394274&redirect_uri=http%3A%2F%2Flocalhost%3A9005&scope=read%3Auser%20repo%20public_repo
[info] 
[info] Waiting for authentication...
[debug] [2022-01-25T12:08:21.735Z] >>> HTTP REQUEST POST https://github.com/login/oauth/access_token  
 {"client_id":"89cf50f02ac6aaed3484","client_secret":"3330d14abc895d9a74d5f17cd7a00711fa2c5bf0","code":"337bd75c9569e12cb3fe","redirect_uri":"http://localhost:9005","state":"1024394274"}
[debug] [2022-01-25T12:08:22.007Z] <<< HTTP RESPONSE 200 {"server":"GitHub.com","date":"Tue, 25 Jan 2022 12:08:21 GMT","content-type":"application/json; charset=utf-8","transfer-encoding":"chunked","vary":"X-PJAX, X-PJAX-Container, Accept-Encoding, Accept, X-Requested-With","permissions-policy":"interest-cohort=()","etag":"W/\"f4925d5ea2a26d1f71c7de8b49ec73c3\"","cache-control":"max-age=0, private, must-revalidate","strict-transport-security":"max-age=31536000; includeSubdomains; preload","x-frame-options":"deny","x-content-type-options":"nosniff","x-xss-protection":"0","referrer-policy":"origin-when-cross-origin, strict-origin-when-cross-origin","expect-ct":"max-age=2592000, report-uri=\"https://api.github.com/_private/browser/errors\"","content-security-policy":"default-src 'none'; base-uri 'self'; block-all-mixed-content; child-src github.com/assets-cdn/worker/ gist.github.com/assets-cdn/worker/; connect-src 'self' uploads.github.com objects-origin.githubusercontent.com www.githubstatus.com collector.githubapp.com api.github.com github-cloud.s3.amazonaws.com github-production-repository-file-5c1aeb.s3.amazonaws.com github-production-upload-manifest-file-7fdce7.s3.amazonaws.com github-production-user-asset-6210df.s3.amazonaws.com cdn.optimizely.com logx.optimizely.com/v1/events translator.github.com wss://alive.github.com; font-src github.githubassets.com; form-action 'self' github.com gist.github.com objects-origin.githubusercontent.com; frame-ancestors 'none'; frame-src render.githubusercontent.com viewscreen.githubusercontent.com notebooks.githubusercontent.com; img-src 'self' data: github.githubassets.com identicons.github.com collector.githubapp.com github-cloud.s3.amazonaws.com secured-user-images.githubusercontent.com/ *.githubusercontent.com; manifest-src 'self'; media-src github.com user-images.githubusercontent.com/; script-src github.githubassets.com; style-src 'unsafe-inline' github.githubassets.com; worker-src github.com/assets-cdn/worker/ gist.github.com/assets-cdn/worker/","x-github-request-id":"CA40:1976:6DDEF6:B5537F:61EFE835"}
[debug] [2022-01-25T12:08:22.011Z] >>> [apiv2][query] GET https://api.github.com/user [none]
[debug] [2022-01-25T12:08:22.343Z] <<< [apiv2][status] GET https://api.github.com/user 200
[debug] [2022-01-25T12:08:22.343Z] <<< [apiv2][body] GET https://api.github.com/user {"login":"ellisza","id":49106563,"node_id":"MDQ6VXNlcjQ5MTA2NTYz","avatar_url":"https://avatars.githubusercontent.com/u/49106563?v=4","gravatar_id":"","url":"https://api.github.com/users/ellisza","html_url":"https://github.com/ellisza","followers_url":"https://api.github.com/users/ellisza/followers","following_url":"https://api.github.com/users/ellisza/following{/other_user}","gists_url":"https://api.github.com/users/ellisza/gists{/gist_id}","starred_url":"https://api.github.com/users/ellisza/starred{/owner}{/repo}","subscriptions_url":"https://api.github.com/users/ellisza/subscriptions","organizations_url":"https://api.github.com/users/ellisza/orgs","repos_url":"https://api.github.com/users/ellisza/repos","events_url":"https://api.github.com/users/ellisza/events{/privacy}","received_events_url":"https://api.github.com/users/ellisza/received_events","type":"User","site_admin":false,"name":"Zach Ellis","company":null,"blog":"","location":"Salt Lake City, UT","email":null,"hireable":true,"bio":"I'm a recently graduated Computer Science student from Utah State University.  I have multiple programming skills such as Java, Javascript, TypeScript, Python.","twitter_username":null,"public_repos":15,"public_gists":0,"followers":1,"following":1,"created_at":"2019-03-30T21:34:27Z","updated_at":"2021-08-20T22:32:37Z","private_gists":0,"total_private_repos":1,"owned_private_repos":1,"disk_usage":16964,"collaborators":1,"two_factor_authentication":false,"plan":{"name":"free","space":976562499,"collaborators":0,"private_repos":10000}}
[info] 
[info] ✔  Success! Logged into GitHub as ellisza 
[info] 
